BolivarianoRestApp>>TESTNODE_jcduenasr>>default>>0>>1553633115331
2871<<Administration Result<<2019-03-26 15:45:20.945 COT<<DESKTOP-JU9JN08\jcduenasr<<deploy<<C:/Users/jcduenasr/IBM/IIBT10/ws-soap/GeneratedBarFiles/BolivarianoRestAppproject.generated.bar<<BAR<<default<<ExecutionGroup<<COMPLETE
BolivarianoRestApp>>TESTNODE_jcduenasr>>default>>0>>1553633159800
2871<<Administration Result<<2019-03-26 15:46:02.253 COT<<DESKTOP-JU9JN08\jcduenasr<<deploy<<C:/Users/jcduenasr/IBM/IIBT10/ws-soap/GeneratedBarFiles/BolivarianoRestAppproject.generated.bar<<BAR<<default<<ExecutionGroup<<COMPLETE
BolivarianoRestApp>>TESTNODE_jcduenasr>>default>>0>>1553633336867
2871<<Administration Result<<2019-03-26 15:49:02.549 COT<<DESKTOP-JU9JN08\jcduenasr<<deploy<<C:/Users/jcduenasr/IBM/IIBT10/ws-soap/TestModeBarFiles/BolivarianoRestAppproject.TestMode.bar<<BAR<<default<<ExecutionGroup<<COMPLETE
BolivarianoRestApp>>TESTNODE_jcduenasr>>default>>0>>1553633449520
2871<<Administration Result<<2019-03-26 15:50:55.402 COT<<DESKTOP-JU9JN08\jcduenasr<<deploy<<C:/Users/jcduenasr/IBM/IIBT10/ws-soap/TestModeBarFiles/BolivarianoRestAppproject.TestMode.bar<<BAR<<default<<ExecutionGroup<<COMPLETE
BolivarianoRestApp>>TESTNODE_jcduenasr>>default>>0>>1553634740509
2871<<Administration Result<<2019-03-26 16:12:26.746 COT<<DESKTOP-JU9JN08\jcduenasr<<deploy<<C:/Users/jcduenasr/IBM/IIBT10/ws-soap/GeneratedBarFiles/BolivarianoRestAppproject.generated.bar<<BAR<<default<<ExecutionGroup<<COMPLETE
BolivarianoRestApp>>TESTNODE_jcduenasr>>default>>0>>1553634971990
2871<<Administration Result<<2019-03-26 16:16:17.591 COT<<DESKTOP-JU9JN08\jcduenasr<<deploy<<C:/Users/jcduenasr/IBM/IIBT10/ws-soap/GeneratedBarFiles/BolivarianoRestAppproject.generated.bar<<BAR<<default<<ExecutionGroup<<COMPLETE
BolivarianoRestApp>>TESTNODE_jcduenasr>>default>>0>>1553635127789
2871<<Administration Result<<2019-03-26 16:18:53.506 COT<<DESKTOP-JU9JN08\jcduenasr<<deploy<<C:/Users/jcduenasr/IBM/IIBT10/ws-soap/GeneratedBarFiles/BolivarianoRestAppproject.generated.bar<<BAR<<default<<ExecutionGroup<<COMPLETE
BolivarianoRestApp>>TESTNODE_jcduenasr>>default>>0>>1553635281874
2871<<Administration Result<<2019-03-26 16:21:25.155 COT<<DESKTOP-JU9JN08\jcduenasr<<deploy<<C:/Users/jcduenasr/IBM/IIBT10/ws-soap/GeneratedBarFiles/BolivarianoRestAppproject.generated.bar<<BAR<<default<<ExecutionGroup<<COMPLETE
BolivarianoRestApp>>TESTNODE_jcduenasr>>default>>0>>1553635408444
2871<<Administration Result<<2019-03-26 16:23:34.539 COT<<DESKTOP-JU9JN08\jcduenasr<<deploy<<C:/Users/jcduenasr/IBM/IIBT10/ws-soap/TestModeBarFiles/BolivarianoRestAppproject.TestMode.bar<<BAR<<default<<ExecutionGroup<<COMPLETE
BolivarianoRestApp>>TESTNODE_jcduenasr>>default>>0>>1553635506965
2871<<Administration Result<<2019-03-26 16:25:10.470 COT<<DESKTOP-JU9JN08\jcduenasr<<deploy<<C:/Users/jcduenasr/IBM/IIBT10/ws-soap/GeneratedBarFiles/BolivarianoRestAppproject.generated.bar<<BAR<<default<<ExecutionGroup<<COMPLETE
BolivarianoRestApp>>TESTNODE_jcduenasr>>default>>0>>1553635645832
2871<<Administration Result<<2019-03-26 16:27:31.120 COT<<DESKTOP-JU9JN08\jcduenasr<<deploy<<C:/Users/jcduenasr/IBM/IIBT10/ws-soap/GeneratedBarFiles/BolivarianoRestAppproject.generated.bar<<BAR<<default<<ExecutionGroup<<COMPLETE
BolivarianoRestApp>>TESTNODE_jcduenasr>>default>>0>>1553636232950
2871<<Administration Result<<2019-03-26 16:37:17.214 COT<<DESKTOP-JU9JN08\jcduenasr<<deploy<<C:/Users/jcduenasr/IBM/IIBT10/ws-soap/GeneratedBarFiles/BolivarianoRestAppproject.generated.bar<<BAR<<default<<ExecutionGroup<<COMPLETE
BolivarianoRestApp>>TESTNODE_jcduenasr>>default>>0>>1553636367766
2871<<Administration Result<<2019-03-26 16:39:34.592 COT<<DESKTOP-JU9JN08\jcduenasr<<deploy<<C:/Users/jcduenasr/IBM/IIBT10/ws-soap/GeneratedBarFiles/BolivarianoRestAppproject.generated.bar<<BAR<<default<<ExecutionGroup<<COMPLETE
BolivarianoRestApp>>TESTNODE_jcduenasr>>default>>0>>1553636481383
2871<<Administration Result<<2019-03-26 16:41:25.969 COT<<DESKTOP-JU9JN08\jcduenasr<<deploy<<C:/Users/jcduenasr/IBM/IIBT10/ws-soap/GeneratedBarFiles/BolivarianoRestAppproject.generated.bar<<BAR<<default<<ExecutionGroup<<COMPLETE
BolivarianoRestApp>>TESTNODE_jcduenasr>>default>>0>>1553636578630
2871<<Administration Result<<2019-03-26 16:43:02.221 COT<<DESKTOP-JU9JN08\jcduenasr<<deploy<<C:/Users/jcduenasr/IBM/IIBT10/ws-soap/GeneratedBarFiles/BolivarianoRestAppproject.generated.bar<<BAR<<default<<ExecutionGroup<<COMPLETE
BolivarianoRestApp>>TESTNODE_jcduenasr>>default>>0>>1553657159978
2871<<Administration Result<<2019-03-26 22:26:22.256 COT<<DESKTOP-JU9JN08\jcduenasr<<deploy<<C:/Users/jcduenasr/IBM/IIBT10/ws-soap/GeneratedBarFiles/BolivarianoRestAppproject.generated.bar<<BAR<<default<<ExecutionGroup<<COMPLETE
BolivarianoRestApp>>TESTNODE_jcduenasr>>default>>0>>1554149189947
2871<<Administration Result<<2019-04-01 15:06:35.550 COT<<DESKTOP-JU9JN08\jcduenasr<<deploy<<C:/Users/jcduenasr/IBM/IIBT10/ws-soap/GeneratedBarFiles/BolivarianoRestAppproject.generated.bar<<BAR<<default<<ExecutionGroup<<COMPLETE
HotelsRestApp>>TESTNODE_jcduenasr>>default>>0>>1554149378417
2871<<Administration Result<<2019-04-01 15:09:39.516 COT<<DESKTOP-JU9JN08\jcduenasr<<deploy<<C:/Users/jcduenasr/IBM/IIBT10/ws-soap/GeneratedBarFiles/HotelsRestAppproject.generated.bar<<BAR<<default<<ExecutionGroup<<COMPLETE
HotelsRestApp>>TESTNODE_jcduenasr>>default>>0>>1554154971142
2871<<Administration Result<<2019-04-01 16:42:54.178 COT<<DESKTOP-JU9JN08\jcduenasr<<deploy<<C:/Users/jcduenasr/IBM/IIBT10/ws-soap/GeneratedBarFiles/HotelsRestAppproject.generated.bar<<BAR<<default<<ExecutionGroup<<COMPLETE
HotelsRestApp>>TESTNODE_jcduenasr>>default>>0>>1554682041852
2871<<Administration Result<<2019-04-07 19:07:28.292 COT<<DESKTOP-JU9JN08\jcduenasr<<deploy<<C:/Users/jcduenasr/IBM/IIBT10/ws-soap/GeneratedBarFiles/HotelsRestAppproject.generated.bar<<BAR<<default<<ExecutionGroup<<COMPLETE
HotelsRestApp>>TESTNODE_jcduenasr>>default>>0>>1554682131200
2871<<Administration Result<<2019-04-07 19:08:54.931 COT<<DESKTOP-JU9JN08\jcduenasr<<deploy<<C:/Users/jcduenasr/IBM/IIBT10/ws-soap/GeneratedBarFiles/HotelsRestAppproject.generated.bar<<BAR<<default<<ExecutionGroup<<COMPLETE
HotelsRestApp>>TESTNODE_jcduenasr>>default>>0>>1554682181918
2871<<Administration Result<<2019-04-07 19:09:46.361 COT<<DESKTOP-JU9JN08\jcduenasr<<deploy<<C:/Users/jcduenasr/IBM/IIBT10/ws-soap/GeneratedBarFiles/HotelsRestAppproject.generated.bar<<BAR<<default<<ExecutionGroup<<COMPLETE
HotelsRestApp>>TESTNODE_jcduenasr>>default>>0>>1554682208599
2871<<Administration Result<<2019-04-07 19:10:13.060 COT<<DESKTOP-JU9JN08\jcduenasr<<deploy<<C:/Users/jcduenasr/IBM/IIBT10/ws-soap/GeneratedBarFiles/HotelsRestAppproject.generated.bar<<BAR<<default<<ExecutionGroup<<COMPLETE
HotelsRestApp>>TESTNODE_jcduenasr>>default>>0>>1554682338974
2871<<Administration Result<<2019-04-07 19:12:24.731 COT<<DESKTOP-JU9JN08\jcduenasr<<deploy<<C:/Users/jcduenasr/IBM/IIBT10/ws-soap/GeneratedBarFiles/HotelsRestAppproject.generated.bar<<BAR<<default<<ExecutionGroup<<COMPLETE
HotelsRestApp>>TESTNODE_jcduenasr>>default>>0>>1554682375406
2871<<Administration Result<<2019-04-07 19:13:01.078 COT<<DESKTOP-JU9JN08\jcduenasr<<deploy<<C:/Users/jcduenasr/IBM/IIBT10/ws-soap/GeneratedBarFiles/HotelsRestAppproject.generated.bar<<BAR<<default<<ExecutionGroup<<COMPLETE
HotelsRestApp>>TESTNODE_jcduenasr>>default>>0>>1554684697880
2871<<Administration Result<<2019-04-07 19:51:43.293 COT<<DESKTOP-JU9JN08\jcduenasr<<deploy<<C:/Users/jcduenasr/IBM/IIBT10/ws-soap/GeneratedBarFiles/HotelsRestAppproject.generated.bar<<BAR<<default<<ExecutionGroup<<COMPLETE
HotelsRestApp>>TESTNODE_jcduenasr>>default>>2>>1557589617587
2087<<Runtime Response<<2019-05-11 10:47:02.906 COT<<TESTNODE_jcduenasr<<1e61729b-58be-4079-a70e-bf843342f3a9
4041<<Runtime Response<<2019-05-11 10:47:02.907 COT<<default<<933de532-9a39-4448-96b4-d97369bdbe22
2211<<Runtime Response<<2019-05-11 10:47:02.907 COT<<URLSpecifier<<192.168.1.196:8086/pica/integrations/hotels/31/rooms<<http://host[:port][/path]<<getHotelsRooms.HTTP Request
2871<<Administration Result<<2019-05-11 10:47:02.907 COT<<DESKTOP-JU9JN08\jcduenasr<<deploy<<C:/Users/jcduenasr/IBM/IIBT10/ws-soap/GeneratedBarFiles/HotelsRestAppproject.generated.bar<<BAR<<default<<ExecutionGroup<<FAILED
HotelsRestApp>>TESTNODE_jcduenasr>>default>>0>>1557589718954
2871<<Administration Result<<2019-05-11 10:48:40.097 COT<<DESKTOP-JU9JN08\jcduenasr<<deploy<<C:/Users/jcduenasr/IBM/IIBT10/ws-soap/GeneratedBarFiles/HotelsRestAppproject.generated.bar<<BAR<<default<<ExecutionGroup<<COMPLETE
HotelsRestApp>>TESTNODE_jcduenasr>>default>>0>>1557590086658
2871<<Administration Result<<2019-05-11 10:54:53.280 COT<<DESKTOP-JU9JN08\jcduenasr<<deploy<<C:/Users/jcduenasr/IBM/IIBT10/ws-soap/GeneratedBarFiles/HotelsRestAppproject.generated.bar<<BAR<<default<<ExecutionGroup<<COMPLETE
HotelsRestApp>>TESTNODE_jcduenasr>>default>>0>>1557593428964
2871<<Administration Result<<2019-05-11 11:50:34.042 COT<<DESKTOP-JU9JN08\jcduenasr<<deploy<<C:/Users/jcduenasr/IBM/IIBT10/ws-soap/GeneratedBarFiles/HotelsRestAppproject.generated.bar<<BAR<<default<<ExecutionGroup<<COMPLETE
HotelsRestApp>>TESTNODE_jcduenasr>>default>>0>>1557593566164
2871<<Administration Result<<2019-05-11 11:52:50.318 COT<<DESKTOP-JU9JN08\jcduenasr<<deploy<<C:/Users/jcduenasr/IBM/IIBT10/ws-soap/GeneratedBarFiles/HotelsRestAppproject.generated.bar<<BAR<<default<<ExecutionGroup<<COMPLETE
HotelsRestApp>>TESTNODE_jcduenasr>>default>>0>>1557593638931
2871<<Administration Result<<2019-05-11 11:54:01.781 COT<<DESKTOP-JU9JN08\jcduenasr<<deploy<<C:/Users/jcduenasr/IBM/IIBT10/ws-soap/GeneratedBarFiles/HotelsRestAppproject.generated.bar<<BAR<<default<<ExecutionGroup<<COMPLETE
HotelsRestApp>>TESTNODE_jcduenasr>>default>>0>>1557594417429
2871<<Administration Result<<2019-05-11 12:07:03.028 COT<<DESKTOP-JU9JN08\jcduenasr<<deploy<<C:/Users/jcduenasr/IBM/IIBT10/ws-soap/GeneratedBarFiles/HotelsRestAppproject.generated.bar<<BAR<<default<<ExecutionGroup<<COMPLETE
